action: GLOB, msg: packaging
cwd: /Applications/MAMP/htdocs/djangoTesting/django-decorated-router
cmd: /Users/roysegall/.virtualenvs/djangoTesting/bin/python3.8 setup.py sdist --formats=zip --dist-dir .tox/dist
running sdist
running egg_info
writing django_decorated_router.egg-info/PKG-INFO
writing dependency_links to django_decorated_router.egg-info/dependency_links.txt
writing top-level names to django_decorated_router.egg-info/top_level.txt
reading manifest file 'django_decorated_router.egg-info/SOURCES.txt'
writing manifest file 'django_decorated_router.egg-info/SOURCES.txt'
running check
creating django-decorated-router-0.0.1.dev0
creating django-decorated-router-0.0.1.dev0/decorated_router
creating django-decorated-router-0.0.1.dev0/decorated_router/api
creating django-decorated-router-0.0.1.dev0/decorated_router/management
creating django-decorated-router-0.0.1.dev0/decorated_router/migrations
creating django-decorated-router-0.0.1.dev0/decorated_router/tests
creating django-decorated-router-0.0.1.dev0/decorated_router/tests/assets
creating django-decorated-router-0.0.1.dev0/decorated_router/tests/assets/users
creating django-decorated-router-0.0.1.dev0/django_decorated_router.egg-info
copying files to django-decorated-router-0.0.1.dev0...
copying README.md -> django-decorated-router-0.0.1.dev0
copying setup.cfg -> django-decorated-router-0.0.1.dev0
copying setup.py -> django-decorated-router-0.0.1.dev0
copying decorated_router/__init__.py -> django-decorated-router-0.0.1.dev0/decorated_router
copying decorated_router/admin.py -> django-decorated-router-0.0.1.dev0/decorated_router
copying decorated_router/apps.py -> django-decorated-router-0.0.1.dev0/decorated_router
copying decorated_router/models.py -> django-decorated-router-0.0.1.dev0/decorated_router
copying decorated_router/tests.py -> django-decorated-router-0.0.1.dev0/decorated_router
copying decorated_router/views.py -> django-decorated-router-0.0.1.dev0/decorated_router
copying decorated_router/api/__init__.py -> django-decorated-router-0.0.1.dev0/decorated_router/api
copying decorated_router/api/api.py -> django-decorated-router-0.0.1.dev0/decorated_router/api
copying decorated_router/api/decorators.py -> django-decorated-router-0.0.1.dev0/decorated_router/api
copying decorated_router/management/__init__.py -> django-decorated-router-0.0.1.dev0/decorated_router/management
copying decorated_router/migrations/__init__.py -> django-decorated-router-0.0.1.dev0/decorated_router/migrations
copying decorated_router/tests/__init__.py -> django-decorated-router-0.0.1.dev0/decorated_router/tests
copying decorated_router/tests/settings.py -> django-decorated-router-0.0.1.dev0/decorated_router/tests
copying decorated_router/tests/test_api.py -> django-decorated-router-0.0.1.dev0/decorated_router/tests
copying decorated_router/tests/assets/__init__.py -> django-decorated-router-0.0.1.dev0/decorated_router/tests/assets
copying decorated_router/tests/assets/blog.py -> django-decorated-router-0.0.1.dev0/decorated_router/tests/assets
copying decorated_router/tests/assets/products.py -> django-decorated-router-0.0.1.dev0/decorated_router/tests/assets
copying decorated_router/tests/assets/users/__init__.py -> django-decorated-router-0.0.1.dev0/decorated_router/tests/assets/users
copying decorated_router/tests/assets/users/login.py -> django-decorated-router-0.0.1.dev0/decorated_router/tests/assets/users
copying decorated_router/tests/assets/users/logout.py -> django-decorated-router-0.0.1.dev0/decorated_router/tests/assets/users
copying decorated_router/tests/assets/users/permissions.py -> django-decorated-router-0.0.1.dev0/decorated_router/tests/assets/users
copying django_decorated_router.egg-info/PKG-INFO -> django-decorated-router-0.0.1.dev0/django_decorated_router.egg-info
copying django_decorated_router.egg-info/SOURCES.txt -> django-decorated-router-0.0.1.dev0/django_decorated_router.egg-info
copying django_decorated_router.egg-info/dependency_links.txt -> django-decorated-router-0.0.1.dev0/django_decorated_router.egg-info
copying django_decorated_router.egg-info/not-zip-safe -> django-decorated-router-0.0.1.dev0/django_decorated_router.egg-info
copying django_decorated_router.egg-info/top_level.txt -> django-decorated-router-0.0.1.dev0/django_decorated_router.egg-info
Writing django-decorated-router-0.0.1.dev0/setup.cfg
creating '.tox/dist/django-decorated-router-0.0.1.dev0.zip' and adding 'django-decorated-router-0.0.1.dev0' to it
adding 'django-decorated-router-0.0.1.dev0'
adding 'django-decorated-router-0.0.1.dev0/django_decorated_router.egg-info'
adding 'django-decorated-router-0.0.1.dev0/decorated_router'
adding 'django-decorated-router-0.0.1.dev0/PKG-INFO'
adding 'django-decorated-router-0.0.1.dev0/README.md'
adding 'django-decorated-router-0.0.1.dev0/setup.py'
adding 'django-decorated-router-0.0.1.dev0/setup.cfg'
adding 'django-decorated-router-0.0.1.dev0/django_decorated_router.egg-info/PKG-INFO'
adding 'django-decorated-router-0.0.1.dev0/django_decorated_router.egg-info/not-zip-safe'
adding 'django-decorated-router-0.0.1.dev0/django_decorated_router.egg-info/SOURCES.txt'
adding 'django-decorated-router-0.0.1.dev0/django_decorated_router.egg-info/top_level.txt'
adding 'django-decorated-router-0.0.1.dev0/django_decorated_router.egg-info/dependency_links.txt'
adding 'django-decorated-router-0.0.1.dev0/decorated_router/migrations'
adding 'django-decorated-router-0.0.1.dev0/decorated_router/tests'
adding 'django-decorated-router-0.0.1.dev0/decorated_router/management'
adding 'django-decorated-router-0.0.1.dev0/decorated_router/api'
adding 'django-decorated-router-0.0.1.dev0/decorated_router/models.py'
adding 'django-decorated-router-0.0.1.dev0/decorated_router/__init__.py'
adding 'django-decorated-router-0.0.1.dev0/decorated_router/apps.py'
adding 'django-decorated-router-0.0.1.dev0/decorated_router/admin.py'
adding 'django-decorated-router-0.0.1.dev0/decorated_router/tests.py'
adding 'django-decorated-router-0.0.1.dev0/decorated_router/views.py'
adding 'django-decorated-router-0.0.1.dev0/decorated_router/migrations/__init__.py'
adding 'django-decorated-router-0.0.1.dev0/decorated_router/tests/assets'
adding 'django-decorated-router-0.0.1.dev0/decorated_router/tests/__init__.py'
adding 'django-decorated-router-0.0.1.dev0/decorated_router/tests/settings.py'
adding 'django-decorated-router-0.0.1.dev0/decorated_router/tests/test_api.py'
adding 'django-decorated-router-0.0.1.dev0/decorated_router/tests/assets/users'
adding 'django-decorated-router-0.0.1.dev0/decorated_router/tests/assets/__init__.py'
adding 'django-decorated-router-0.0.1.dev0/decorated_router/tests/assets/products.py'
adding 'django-decorated-router-0.0.1.dev0/decorated_router/tests/assets/blog.py'
adding 'django-decorated-router-0.0.1.dev0/decorated_router/tests/assets/users/logout.py'
adding 'django-decorated-router-0.0.1.dev0/decorated_router/tests/assets/users/__init__.py'
adding 'django-decorated-router-0.0.1.dev0/decorated_router/tests/assets/users/permissions.py'
adding 'django-decorated-router-0.0.1.dev0/decorated_router/tests/assets/users/login.py'
adding 'django-decorated-router-0.0.1.dev0/decorated_router/management/__init__.py'
adding 'django-decorated-router-0.0.1.dev0/decorated_router/api/__init__.py'
adding 'django-decorated-router-0.0.1.dev0/decorated_router/api/api.py'
adding 'django-decorated-router-0.0.1.dev0/decorated_router/api/decorators.py'
removing 'django-decorated-router-0.0.1.dev0' (and everything under it)
